18:52:36,761 |-INFO in ch.qos.logback.classic.LoggerContext[default] - Could NOT find resource [logback.groovy]
18:52:36,761 |-INFO in ch.qos.logback.classic.LoggerContext[default] - Found resource [logback-test.xml] at [file:/home/nick/workspaces/olympus/OpenOlympus/target/classes/logback-test.xml]
18:52:36,762 |-WARN in ch.qos.logback.classic.LoggerContext[default] - Resource [logback-test.xml] occurs multiple times on the classpath.
18:52:36,762 |-WARN in ch.qos.logback.classic.LoggerContext[default] - Resource [logback-test.xml] occurs at [file:/home/nick/workspaces/olympus/OpenOlympusCerberus/target/classes/logback-test.xml]
18:52:36,762 |-WARN in ch.qos.logback.classic.LoggerContext[default] - Resource [logback-test.xml] occurs at [file:/home/nick/workspaces/olympus/OpenOlympus/target/classes/logback-test.xml]
18:52:36,887 |-INFO in ch.qos.logback.core.joran.action.AppenderAction - About to instantiate appender of type [ch.qos.logback.core.ConsoleAppender]
18:52:36,889 |-INFO in ch.qos.logback.core.joran.action.AppenderAction - Naming appender as [STDOUT]
18:52:36,903 |-INFO in ch.qos.logback.core.joran.action.NestedComplexPropertyIA - Assuming default type [ch.qos.logback.classic.encoder.PatternLayoutEncoder] for [encoder] property
18:52:36,927 |-INFO in ch.qos.logback.classic.joran.action.RootLoggerAction - Setting level of ROOT logger to INFO
18:52:36,927 |-INFO in ch.qos.logback.core.joran.action.AppenderRefAction - Attaching appender named [STDOUT] to Logger[ROOT]
18:52:36,927 |-INFO in ch.qos.logback.classic.joran.action.ConfigurationAction - End of configuration.
18:52:36,928 |-INFO in ch.qos.logback.classic.joran.JoranConfigurator@5891e32e - Registering current configuration as safe fallback point
18:52:36,887 |-INFO in ch.qos.logback.core.joran.action.AppenderAction - About to instantiate appender of type [ch.qos.logback.core.ConsoleAppender]
18:52:36,889 |-INFO in ch.qos.logback.core.joran.action.AppenderAction - Naming appender as [STDOUT]
18:52:36,903 |-INFO in ch.qos.logback.core.joran.action.NestedComplexPropertyIA - Assuming default type [ch.qos.logback.classic.encoder.PatternLayoutEncoder] for [encoder] property
18:52:36,927 |-INFO in ch.qos.logback.classic.joran.action.RootLoggerAction - Setting level of ROOT logger to INFO
18:52:36,927 |-INFO in ch.qos.logback.core.joran.action.AppenderRefAction - Attaching appender named [STDOUT] to Logger[ROOT]
18:52:36,927 |-INFO in ch.qos.logback.classic.joran.action.ConfigurationAction - End of configuration.
18:52:36,928 |-INFO in ch.qos.logback.classic.joran.JoranConfigurator@5891e32e - Registering current configuration as safe fallback point
18:52:37,081 |-INFO in ch.qos.logback.core.joran.action.AppenderAction - About to instantiate appender of type [ch.qos.logback.core.ConsoleAppender]
18:52:37,081 |-INFO in ch.qos.logback.core.joran.action.AppenderAction - Naming appender as [STDOUT]
18:52:37,082 |-INFO in ch.qos.logback.core.joran.action.NestedComplexPropertyIA - Assuming default type [ch.qos.logback.classic.encoder.PatternLayoutEncoder] for [encoder] property
18:52:37,082 |-INFO in ch.qos.logback.classic.joran.action.RootLoggerAction - Setting level of ROOT logger to INFO
18:52:37,082 |-INFO in ch.qos.logback.core.joran.action.AppenderRefAction - Attaching appender named [STDOUT] to Logger[ROOT]
18:52:37,082 |-INFO in ch.qos.logback.classic.joran.action.ConfigurationAction - End of configuration.
18:52:37,082 |-INFO in ch.qos.logback.classic.joran.JoranConfigurator@55b7a4e0 - Registering current configuration as safe fallback point

  .   ____          _            __ _ _
 /\\ / ___'_ __ _ _(_)_ __  __ _ \ \ \ \
( ( )\___ | '_ | '_| | '_ \/ _` | \ \ \ \
 \\/  ___)| |_)| | | | | || (_| |  ) ) ) )
  '  |____| .__|_| |_|_| |_\__, | / / / /
 =========|_|==============|___/=/_/_/_/
 :: Spring Boot ::             (v1.3.0.M1)

18:52:37.157 [main] INFO  org.ng200.openolympus.Application - Starting Application on BlackHole-Kubuntu with PID 5454 (/home/nick/workspaces/olympus/OpenOlympus/target/classes started by nick in /home/nick/workspaces/olympus/OpenOlympus)
18:52:37.194 [main] INFO  o.s.b.c.e.AnnotationConfigEmbeddedWebApplicationContext - Refreshing org.springframework.boot.context.embedded.AnnotationConfigEmbeddedWebApplicationContext@4cc451f2: startup date [Tue Jul 14 18:52:37 MSK 2015]; root of context hierarchy
18:52:37.984 [main] INFO  o.s.b.f.s.DefaultListableBeanFactory - Overriding bean definition for bean 'storageService' with a different definition: replacing [Generic bean: class [org.ng200.openolympus.services.StorageService]; scope=singleton; abstract=false; lazyInit=false; autowireMode=0; dependencyCheck=0; autowireCandidate=true; primary=false; factoryBeanName=null; factoryMethodName=null; initMethodName=null; destroyMethodName=null; defined in file [/home/nick/workspaces/olympus/OpenOlympus/target/classes/org/ng200/openolympus/services/StorageService.class]] with [Root bean: class [null]; scope=; abstract=false; lazyInit=false; autowireMode=3; dependencyCheck=0; autowireCandidate=true; primary=false; factoryBeanName=application; factoryMethodName=storageService; initMethodName=null; destroyMethodName=(inferred); defined in org.ng200.openolympus.Application]
18:52:38.223 [main] INFO  o.s.c.s.PropertySourcesPlaceholderConfigurer - Loading properties file from class path resource [openolympus.properties]
18:52:38.272 [main] INFO  o.h.validator.internal.util.Version - HV000001: Hibernate Validator 5.1.3.Final
18:52:38.411 [main] INFO  o.s.c.s.PostProcessorRegistrationDelegate$BeanPostProcessorChecker - Bean 'org.springframework.transaction.annotation.ProxyTransactionManagementConfiguration' of type [class org.springframework.transaction.annotation.ProxyTransactionManagementConfiguration$$EnhancerBySpringCGLIB$$129b2c9f] is not eligible for getting processed by all BeanPostProcessors (for example: not eligible for auto-proxying)
18:52:38.444 [main] INFO  o.s.c.s.PostProcessorRegistrationDelegate$BeanPostProcessorChecker - Bean 'org.springframework.cache.annotation.ProxyCachingConfiguration' of type [class org.springframework.cache.annotation.ProxyCachingConfiguration$$EnhancerBySpringCGLIB$$79f8f6fd] is not eligible for getting processed by all BeanPostProcessors (for example: not eligible for auto-proxying)
18:52:38.482 [main] INFO  o.s.c.s.PostProcessorRegistrationDelegate$BeanPostProcessorChecker - Bean 'org.springframework.security.config.annotation.configuration.ObjectPostProcessorConfiguration' of type [class org.springframework.security.config.annotation.configuration.ObjectPostProcessorConfiguration$$EnhancerBySpringCGLIB$$3bbc7599] is not eligible for getting processed by all BeanPostProcessors (for example: not eligible for auto-proxying)
18:52:38.495 [main] INFO  o.s.c.s.PostProcessorRegistrationDelegate$BeanPostProcessorChecker - Bean 'objectPostProcessor' of type [class org.springframework.security.config.annotation.configuration.AutowireBeanFactoryObjectPostProcessor] is not eligible for getting processed by all BeanPostProcessors (for example: not eligible for auto-proxying)
18:52:38.496 [main] INFO  o.s.c.s.PostProcessorRegistrationDelegate$BeanPostProcessorChecker - Bean 'org.springframework.security.access.expression.method.DefaultMethodSecurityExpressionHandler@1358b28e' of type [class org.springframework.security.access.expression.method.DefaultMethodSecurityExpressionHandler] is not eligible for getting processed by all BeanPostProcessors (for example: not eligible for auto-proxying)
18:52:38.516 [main] INFO  o.s.c.s.PostProcessorRegistrationDelegate$BeanPostProcessorChecker - Bean 'org.springframework.security.config.annotation.method.configuration.GlobalMethodSecurityConfiguration' of type [class org.springframework.security.config.annotation.method.configuration.GlobalMethodSecurityConfiguration$$EnhancerBySpringCGLIB$$ee9aaa0b] is not eligible for getting processed by all BeanPostProcessors (for example: not eligible for auto-proxying)
18:52:38.535 [main] INFO  o.s.c.s.PostProcessorRegistrationDelegate$BeanPostProcessorChecker - Bean 'methodSecurityMetadataSource' of type [class org.springframework.security.access.method.DelegatingMethodSecurityMetadataSource] is not eligible for getting processed by all BeanPostProcessors (for example: not eligible for auto-proxying)
18:52:38.954 [main] INFO  o.s.b.c.e.t.TomcatEmbeddedServletContainer - Tomcat initialized with port(s): 8080 (http)
18:52:39.147 [main] INFO  o.a.catalina.core.StandardService - Starting service Tomcat
18:52:39.153 [main] INFO  o.a.catalina.core.StandardEngine - Starting Servlet Engine: Apache Tomcat/8.0.23
18:52:39.320 [localhost-startStop-1] INFO  o.a.c.c.C.[Tomcat].[localhost].[/] - Initializing Spring embedded WebApplicationContext
18:52:39.321 [localhost-startStop-1] INFO  o.s.web.context.ContextLoader - Root WebApplicationContext: initialization completed in 2129 ms
18:52:39.788 [localhost-startStop-1] INFO  org.ng200.openolympus.Application - Connecting: jdbc:postgresql://localhost/openolympus
18:52:40.158 [localhost-startStop-1] INFO  org.jooq.Constants - 
                                      
@@@@@@@@@@@@@@@@@@@@@@@@@@@@@@@@@@@@@@
@@@@@@@@@@@@@@@@@@@@@@@@@@@@@@@@@@@@@@
@@@@@@@@@@@@@@@@  @@        @@@@@@@@@@
@@@@@@@@@@@@@@@@@@@@        @@@@@@@@@@
@@@@@@@@@@@@@@@@  @@  @@    @@@@@@@@@@
@@@@@@@@@@  @@@@  @@  @@    @@@@@@@@@@
@@@@@@@@@@        @@        @@@@@@@@@@
@@@@@@@@@@@@@@@@@@@@@@@@@@@@@@@@@@@@@@
@@@@@@@@@@@@@@@@@@@@@@@@@@@@@@@@@@@@@@
@@@@@@@@@@        @@        @@@@@@@@@@
@@@@@@@@@@    @@  @@  @@@@  @@@@@@@@@@
@@@@@@@@@@    @@  @@  @@@@  @@@@@@@@@@
@@@@@@@@@@        @@  @  @  @@@@@@@@@@
@@@@@@@@@@        @@        @@@@@@@@@@
@@@@@@@@@@@@@@@@@@@@@@@  @@@@@@@@@@@@@
@@@@@@@@@@@@@@@@@@@@@@@@@@@@@@@@@@@@@@
@@@@@@@@@@@@@@@@@@@@@@@@@@@@@@@@@@@@@@  Thank you for using jOOQ 3.5.2
                                      
18:52:40.296 [localhost-startStop-1] INFO  org.ng200.openolympus.Application - Creating password encoder
18:52:40.906 [localhost-startStop-1] INFO  o.s.s.web.DefaultSecurityFilterChain - Creating filter chain: org.springframework.security.web.util.matcher.AnyRequestMatcher@1, [org.springframework.security.web.context.request.async.WebAsyncManagerIntegrationFilter@67fcc772, org.springframework.security.web.context.SecurityContextPersistenceFilter@40d3e4fb, org.springframework.security.web.header.HeaderWriterFilter@21d22884, org.springframework.security.web.authentication.logout.LogoutFilter@cc25b13, org.ng200.openolympus.controller.auth.RecaptchaAuthenticationFilter@1c3266d4, org.springframework.security.web.authentication.UsernamePasswordAuthenticationFilter@38d5cd67, org.springframework.security.web.authentication.www.BasicAuthenticationFilter@1a10e321, org.springframework.security.web.savedrequest.RequestCacheAwareFilter@21d9c844, org.springframework.security.web.servletapi.SecurityContextHolderAwareRequestFilter@5581b1bb, org.springframework.security.web.authentication.rememberme.RememberMeAuthenticationFilter@f148ed0, org.springframework.security.web.authentication.AnonymousAuthenticationFilter@5134899c, org.springframework.security.web.session.SessionManagementFilter@721bac75, org.springframework.security.web.access.ExceptionTranslationFilter@ac6d532, org.springframework.security.web.access.intercept.FilterSecurityInterceptor@17416265]
18:52:40.946 [localhost-startStop-1] INFO  o.s.b.c.e.FilterRegistrationBean - Mapping filter: 'characterEncodingFilter' to: [/*]
18:52:40.946 [localhost-startStop-1] INFO  o.s.b.c.e.FilterRegistrationBean - Filter characterEncodingFilter was not registered (possibly already registered?)
18:52:40.946 [localhost-startStop-1] INFO  o.s.b.c.e.FilterRegistrationBean - Mapping filter: 'springSecurityFilterChain' to: [/*]
18:52:40.947 [localhost-startStop-1] INFO  o.s.b.c.e.FilterRegistrationBean - Mapping filter: 'reCaptchaAuthenticationFilter' to: [/*]
18:52:40.947 [localhost-startStop-1] INFO  o.s.b.c.e.ServletRegistrationBean - Mapping servlet: 'dispatcherServlet' to [/]
18:52:41.028 [main] INFO  o.s.b.a.s.AuthenticationManagerConfiguration - 

Using default security password: cf7e9fac-f1d3-46d1-873f-2d5129eb16df

18:52:41.346 [main] INFO  org.jppf.utils.VersionUtils - --------------------------------------------------------------------------------
18:52:41.347 [main] INFO  org.jppf.utils.VersionUtils - JPPF Version: 4.2.5, Build number: 1399, Build date: 2014-12-26 04:24 CET
18:52:41.347 [main] INFO  org.jppf.utils.VersionUtils - starting client with PID=5454, UUID=4E095132-2841-7049-F09F-0FC219B40BA6
18:52:41.347 [main] INFO  org.jppf.utils.VersionUtils - --------------------------------------------------------------------------------
client process id: 5454, uuid: 4E095132-2841-7049-F09F-0FC219B40BA6
18:52:41.348 [main] INFO  o.jppf.client.AbstractGenericClient - JPPF client starting with sslEnabled = false
18:52:41.700 [main] INFO  o.s.w.s.m.m.a.ExceptionHandlerExceptionResolver - Detected @ExceptionHandler methods in accessDeniedExceptionHandler
18:52:41.701 [main] INFO  o.s.w.s.m.m.a.ExceptionHandlerExceptionResolver - Detected @ExceptionHandler methods in bindingErrorController
18:52:41.701 [main] INFO  o.s.w.s.m.m.a.ExceptionHandlerExceptionResolver - Detected @ExceptionHandler methods in exceptionHandlingController
18:52:41.951 [main] INFO  o.s.w.s.m.m.a.RequestMappingHandlerMapping - Mapped "{[/api/admin/usersCount],methods=[GET]}" onto public long org.ng200.openolympus.controller.admin.AdminUserListRestController.countUsers()
18:52:41.954 [main] INFO  o.s.w.s.m.m.a.RequestMappingHandlerMapping - Mapped "{[/api/admin/users],methods=[GET]}" onto public java.util.List<org.ng200.openolympus.jooq.tables.pojos.User> org.ng200.openolympus.controller.admin.AdminUserListRestController.getUsers(java.lang.Integer)
18:52:41.956 [main] INFO  o.s.w.s.m.m.a.RequestMappingHandlerMapping - Mapped "{[/api/admin/user/{user}/changePassword],methods=[PATCH]}" onto public org.ng200.openolympus.controller.BindingResponse org.ng200.openolympus.controller.admin.AdministrativeChangePasswordController.changePassword(org.ng200.openolympus.dto.PasswordChangeDto,org.springframework.validation.BindingResult,org.ng200.openolympus.jooq.tables.pojos.User) throws org.springframework.validation.BindException
18:52:41.958 [main] INFO  o.s.w.s.m.m.a.RequestMappingHandlerMapping - Mapped "{[/api/admin/user/{user}/personalInfo],methods=[PATCH]}" onto public org.ng200.openolympus.controller.BindingResponse org.ng200.openolympus.controller.admin.AdministrativeUserInfoController.changePersonInfo(org.springframework.ui.Model,org.ng200.openolympus.dto.UserInfoDto,org.springframework.validation.BindingResult,org.ng200.openolympus.jooq.tables.pojos.User)
18:52:41.959 [main] INFO  o.s.w.s.m.m.a.RequestMappingHandlerMapping - Mapped "{[/api/admin/user/{user}/personalInfo],methods=[GET]}" onto public org.ng200.openolympus.dto.UserInfoDto org.ng200.openolympus.controller.admin.AdministrativeUserInfoController.showUserDetailsForm(org.ng200.openolympus.jooq.tables.pojos.User)
18:52:41.959 [main] INFO  o.s.w.s.m.m.a.RequestMappingHandlerMapping - Mapped "{[/api/admin/users/approve],methods=[POST]}" onto public java.util.List<org.ng200.openolympus.controller.admin.ApproveUserRegistrationController$Result> org.ng200.openolympus.controller.admin.ApproveUserRegistrationController.approveUsers(java.util.List<java.lang.Long>)
18:52:41.960 [main] INFO  o.s.w.s.m.m.a.RequestMappingHandlerMapping - Mapped "{[/api/admin/backup],methods=[GET],produces=[application/octet-stream]}" onto public org.springframework.core.io.InputStreamResource org.ng200.openolympus.controller.admin.BackupController.doBackup() throws org.apache.commons.exec.ExecuteException,java.io.IOException,org.apache.commons.compress.archivers.ArchiveException,org.apache.commons.compress.compressors.CompressorException
18:52:41.961 [main] INFO  o.s.w.s.m.m.a.RequestMappingHandlerMapping - Mapped "{[/api/admin/users/deleteUsers],methods=[POST]}" onto public void org.ng200.openolympus.controller.admin.DeleteUserController.deleteUser(java.util.List<java.lang.Long>)
18:52:41.962 [main] INFO  o.s.w.s.m.m.a.RequestMappingHandlerMapping - Mapped "{[/api/admin/users/deleteUser],methods=[DELETE]}" onto public void org.ng200.openolympus.controller.admin.DeleteUserController.deleteUser(org.ng200.openolympus.jooq.tables.pojos.User)
18:52:41.964 [main] INFO  o.s.w.s.m.m.a.RequestMappingHandlerMapping - Mapped "{[/admin/lockdown/enabled],methods=[POST]}" onto public void org.ng200.openolympus.controller.admin.LockdownController.endLockdown(boolean)
18:52:41.965 [main] INFO  o.s.w.s.m.m.a.RequestMappingHandlerMapping - Mapped "{[/admin/lockdown/enabled],methods=[GET]}" onto public boolean org.ng200.openolympus.controller.admin.LockdownController.isLockdownEnabled()
18:52:41.965 [main] INFO  o.s.w.s.m.m.a.RequestMappingHandlerMapping - Mapped "{[/api/admin/pendingUsersCount],methods=[GET]}" onto public long org.ng200.openolympus.controller.admin.PendingUserListRestController.getUsers()
18:52:41.966 [main] INFO  o.s.w.s.m.m.a.RequestMappingHandlerMapping - Mapped "{[/api/admin/pendingUsers],methods=[GET]}" onto public java.util.List<org.ng200.openolympus.jooq.tables.pojos.User> org.ng200.openolympus.controller.admin.PendingUserListRestController.getUsers(java.lang.Integer)
18:52:41.967 [main] INFO  o.s.w.s.m.m.a.RequestMappingHandlerMapping - Mapped "{[/api/archive/tasksCount],methods=[GET]}" onto public java.lang.Long org.ng200.openolympus.controller.archive.ArchiveTaskListRestController.countUsers()
18:52:41.967 [main] INFO  o.s.w.s.m.m.a.RequestMappingHandlerMapping - Mapped "{[/api/archive/tasks],methods=[GET]}" onto public java.util.List<org.ng200.openolympus.controller.archive.ArchiveTaskListRestController$TaskDto> org.ng200.openolympus.controller.archive.ArchiveTaskListRestController.getTasks(java.lang.Integer,java.security.Principal)
18:52:41.970 [main] INFO  o.s.w.s.m.m.a.RequestMappingHandlerMapping - Mapped "{[/api/archive/rankCount],methods=[GET]}" onto public java.lang.Long org.ng200.openolympus.controller.archive.ArchiveUserRankListRestController.countUsers()
18:52:41.971 [main] INFO  o.s.w.s.m.m.a.RequestMappingHandlerMapping - Mapped "{[/api/archive/rank],methods=[GET]}" onto public java.util.List<org.ng200.openolympus.dto.UserRanking> org.ng200.openolympus.controller.archive.ArchiveUserRankListRestController.getUsers(java.lang.Integer)
18:52:41.971 [main] INFO  o.s.w.s.m.m.a.RequestMappingHandlerMapping - Mapped "{[/api/security/userStatus],methods=[GET]}" onto public org.ng200.openolympus.jooq.tables.pojos.User org.ng200.openolympus.controller.auth.AuthenticationInformationController.userStatus(java.security.Principal)
18:52:41.972 [main] INFO  o.s.w.s.m.m.a.RequestMappingHandlerMapping - Mapped "{[/confirmEmail],methods=[GET]}" onto public java.lang.String org.ng200.openolympus.controller.auth.EmailConfirmationController.confirm(org.ng200.openolympus.jooq.tables.pojos.User,java.lang.String)
18:52:41.972 [main] INFO  o.s.w.s.m.m.a.RequestMappingHandlerMapping - Mapped "{[/api/contests/create],methods=[POST]}" onto public org.ng200.openolympus.controller.BindingResponse org.ng200.openolympus.controller.contest.ContestCreationController.createContest(org.ng200.openolympus.dto.ContestDto,org.springframework.validation.BindingResult) throws java.lang.IllegalStateException,java.io.IOException,org.apache.commons.compress.archivers.ArchiveException,org.springframework.validation.BindException
18:52:41.975 [main] INFO  o.s.w.s.m.m.a.RequestMappingHandlerMapping - Mapped "{[/api/contestsCount],methods=[GET]}" onto public long org.ng200.openolympus.controller.contest.ContestListController.contestCount()
18:52:41.980 [main] INFO  o.s.w.s.m.m.a.RequestMappingHandlerMapping - Mapped "{[/api/contests],methods=[GET]}" onto public java.util.List<org.ng200.openolympus.jooq.tables.pojos.Contest> org.ng200.openolympus.controller.contest.ContestListController.contestList(java.lang.Integer,java.security.Principal)
18:52:41.981 [main] INFO  o.s.w.s.m.m.a.RequestMappingHandlerMapping - Mapped "{[/api/contest/{contest}/edit],methods=[POST]}" onto public org.ng200.openolympus.controller.BindingResponse org.ng200.openolympus.controller.contest.ContestModificationController.editContest(org.springframework.ui.Model,javax.servlet.http.HttpServletRequest,org.ng200.openolympus.jooq.tables.pojos.Contest,org.ng200.openolympus.dto.ContestDto,org.springframework.validation.BindingResult) throws java.lang.IllegalStateException,java.io.IOException,org.apache.commons.compress.archivers.ArchiveException,org.springframework.validation.BindException
18:52:41.981 [main] INFO  o.s.w.s.m.m.a.RequestMappingHandlerMapping - Mapped "{[/api/contest/{contest}/edit],methods=[GET]}" onto public org.ng200.openolympus.jooq.tables.pojos.Contest org.ng200.openolympus.controller.contest.ContestModificationController.showContestEditingForm(org.ng200.openolympus.jooq.tables.pojos.Contest)
18:52:41.982 [main] INFO  o.s.w.s.m.m.a.RequestMappingHandlerMapping - Mapped "{[/api/contest/{contest}/participants],methods=[GET]}" onto public java.util.List<org.ng200.openolympus.jooq.tables.pojos.User> org.ng200.openolympus.controller.contest.ContestParticipantsController.showParticipantsPage(org.ng200.openolympus.jooq.tables.pojos.Contest,java.lang.Integer,org.springframework.ui.Model,java.security.Principal)
18:52:41.982 [main] INFO  o.s.w.s.m.m.a.RequestMappingHandlerMapping - Mapped "{[/api/contest/{contest}/testingFinished],methods=[GET]}" onto public boolean org.ng200.openolympus.controller.contest.ContestResultsController.hasContestTestingFinished(org.ng200.openolympus.jooq.tables.pojos.Contest)
18:52:41.982 [main] INFO  o.s.w.s.m.m.a.RequestMappingHandlerMapping - Mapped "{[/api/contest/{contest}/completeResults],methods=[GET]}" onto public java.util.List<org.ng200.openolympus.controller.contest.ContestResultsController$ContestUserRankingDto> org.ng200.openolympus.controller.contest.ContestResultsController.showCompleteResultsPage(org.ng200.openolympus.jooq.tables.pojos.Contest,org.springframework.ui.Model,java.security.Principal)
18:52:41.982 [main] INFO  o.s.w.s.m.m.a.RequestMappingHandlerMapping - Mapped "{[/api/contest/{contest}/results],methods=[GET]}" onto public java.util.List<org.ng200.openolympus.controller.contest.ContestResultsController$ContestUserRankingDto> org.ng200.openolympus.controller.contest.ContestResultsController.showResultsPage(org.ng200.openolympus.jooq.tables.pojos.Contest,java.lang.Integer,org.springframework.ui.Model,java.security.Principal)
18:52:41.983 [main] INFO  o.s.w.s.m.m.a.RequestMappingHandlerMapping - Mapped "{[/api/contest/{contest}/addTask],methods=[POST]}" onto public org.ng200.openolympus.controller.BindingResponse org.ng200.openolympus.controller.contest.ContestTaskAdditionController.addTask(org.springframework.ui.Model,org.ng200.openolympus.jooq.tables.pojos.Contest,org.ng200.openolympus.dto.ContestTaskAdditionDto,org.springframework.validation.BindingResult) throws org.springframework.validation.BindException
18:52:41.985 [main] INFO  o.s.w.s.m.m.a.RequestMappingHandlerMapping - Mapped "{[/api/contest/{contest}/removeTask],methods=[DELETE]}" onto public void org.ng200.openolympus.controller.contest.ContestTaskRemovalController.removeTask(org.ng200.openolympus.jooq.tables.pojos.Contest,org.ng200.openolympus.jooq.tables.pojos.Task,org.springframework.ui.Model)
18:52:41.986 [main] INFO  o.s.w.s.m.m.a.RequestMappingHandlerMapping - Mapped "{[/api/contest/{contest}/addUser],methods=[POST]}" onto public org.ng200.openolympus.controller.BindingResponse org.ng200.openolympus.controller.contest.ContestUserAdditionController.addUser(org.ng200.openolympus.jooq.tables.pojos.Contest,org.ng200.openolympus.dto.ContestUserAdditionDto,org.springframework.validation.BindingResult) throws org.springframework.validation.BindException
18:52:41.986 [main] INFO  o.s.w.s.m.m.a.RequestMappingHandlerMapping - Mapped "{[/api/contest/{contest}/removeUser],methods=[DELETE]}" onto public void org.ng200.openolympus.controller.contest.ContestUserRemovalController.removeTask(org.ng200.openolympus.jooq.tables.pojos.Contest,org.ng200.openolympus.jooq.tables.pojos.User,org.springframework.ui.Model)
18:52:41.986 [main] INFO  o.s.w.s.m.m.a.RequestMappingHandlerMapping - Mapped "{[/api/contest/{contest}/addUserTime],methods=[POST]}" onto public org.ng200.openolympus.controller.BindingResponse org.ng200.openolympus.controller.contest.ContestUserTimeAdditionController.addUserTime(org.springframework.ui.Model,org.ng200.openolympus.jooq.tables.pojos.Contest,org.ng200.openolympus.dto.ContestUserTimeAdditionDto,org.springframework.validation.BindingResult) throws org.springframework.validation.BindException
18:52:41.986 [main] INFO  o.s.w.s.m.m.a.RequestMappingHandlerMapping - Mapped "{[/api/contest/{contest}],methods=[GET]}" onto public org.ng200.openolympus.controller.contest.ContestViewController$ContestDTO org.ng200.openolympus.controller.contest.ContestViewController.showContestHub(org.ng200.openolympus.jooq.tables.pojos.Contest,java.security.Principal)
18:52:41.987 [main] INFO  o.s.w.s.m.m.a.RequestMappingHandlerMapping - Mapped "{[/api/groupCompletion],methods=[GET]}" onto public java.util.List<org.ng200.openolympus.jooq.tables.pojos.Group> org.ng200.openolympus.controller.group.GroupGeneralInformationController.searchGroups(java.lang.String)
18:52:41.987 [main] INFO  o.s.w.s.m.m.a.RequestMappingHandlerMapping - Mapped "{[/api/group],methods=[GET]}" onto public org.ng200.openolympus.jooq.tables.pojos.Group org.ng200.openolympus.controller.group.GroupGeneralInformationController.getGroup(java.lang.Long,java.lang.String) throws org.springframework.web.bind.MissingServletRequestParameterException
18:52:41.987 [main] INFO  o.s.w.s.m.m.a.RequestMappingHandlerMapping - Mapped "{[/solutionDownload],methods=[GET]}" onto public org.springframework.http.ResponseEntity<org.springframework.core.io.FileSystemResource> org.ng200.openolympus.controller.solution.SolutionDownloadController.solutionDownload(javax.servlet.http.HttpServletRequest,org.springframework.ui.Model,org.ng200.openolympus.jooq.tables.pojos.Solution,java.security.Principal)
18:52:41.988 [main] INFO  o.s.w.s.m.m.a.RequestMappingHandlerMapping - Mapped "{[/api/admin/solutionsCount],methods=[GET]}" onto public long org.ng200.openolympus.controller.solution.SolutionListController.getSolutionCount(org.ng200.openolympus.jooq.tables.pojos.User)
18:52:41.988 [main] INFO  o.s.w.s.m.m.a.RequestMappingHandlerMapping - Mapped "{[/api/user/solutionsCount],methods=[GET]}" onto public long org.ng200.openolympus.controller.solution.SolutionListController.getSolutionCountForUser(java.security.Principal)
18:52:41.988 [main] INFO  o.s.w.s.m.m.a.RequestMappingHandlerMapping - Mapped "{[/api/admin/solutions],methods=[GET]}" onto public java.util.List<org.ng200.openolympus.dto.SolutionDto> org.ng200.openolympus.controller.solution.SolutionListController.showAllSolutions(java.lang.Integer,org.springframework.ui.Model)
18:52:41.988 [main] INFO  o.s.w.s.m.m.a.RequestMappingHandlerMapping - Mapped "{[/api/user/solutions],methods=[GET]}" onto public java.util.List<org.ng200.openolympus.dto.SolutionDto> org.ng200.openolympus.controller.solution.SolutionListController.showUserSolutions(java.lang.Integer,org.springframework.ui.Model,java.security.Principal)
18:52:41.989 [main] INFO  o.s.w.s.m.m.a.RequestMappingHandlerMapping - Mapped "{[/api/solution/{id}],methods=[GET]}" onto public org.ng200.openolympus.controller.solution.SolutionStatusController$SolutionDto org.ng200.openolympus.controller.solution.SolutionStatusController.solutionApi(org.ng200.openolympus.jooq.tables.pojos.Solution,java.util.Locale)
18:52:41.989 [main] INFO  o.s.w.s.m.m.a.RequestMappingHandlerMapping - Mapped "{[/api/verdict],methods=[GET]}" onto public org.ng200.openolympus.controller.solution.VerdictStatusController$VerdictDto org.ng200.openolympus.controller.solution.VerdictStatusController.showVerdict(org.ng200.openolympus.jooq.tables.pojos.Verdict,java.util.Locale)
18:52:41.989 [main] INFO  o.s.w.s.m.m.a.RequestMappingHandlerMapping - Mapped "{[/api/task/{task}/acl],methods=[GET]}" onto public java.util.Map<org.ng200.openolympus.jooq.enums.TaskPermissionType, org.ng200.openolympus.controller.task.TaskACLController$ACLItem> org.ng200.openolympus.controller.task.TaskACLController.getTaskACL(int,java.security.Principal)
18:52:41.990 [main] INFO  o.s.w.s.m.m.a.RequestMappingHandlerMapping - Mapped "{[/api/task/create],methods=[POST]}" onto private org.ng200.openolympus.controller.BindingResponse org.ng200.openolympus.controller.task.TaskCreationController.createTask(org.ng200.openolympus.dto.TaskCreationDto,org.springframework.validation.BindingResult,java.security.Principal) throws java.io.IOException,org.springframework.validation.BindException
18:52:41.990 [main] INFO  o.s.w.s.m.m.a.RequestMappingHandlerMapping - Mapped "{[/api/taskSourcecode],methods=[GET]}" onto public org.springframework.http.ResponseEntity<java.lang.String> org.ng200.openolympus.controller.task.TaskDescriptionSourcecodeController.getTaskSourcecode(org.ng200.openolympus.jooq.tables.pojos.Task) throws java.io.IOException
18:52:41.990 [main] INFO  o.s.w.s.m.m.a.RequestMappingHandlerMapping - Mapped "{[/api/task/{task}/edit],methods=[GET]}" onto public org.ng200.openolympus.dto.TaskModificationDto org.ng200.openolympus.controller.task.TaskModificationRestController.getTask(org.ng200.openolympus.jooq.tables.pojos.Task) throws java.io.IOException
18:52:41.991 [main] INFO  o.s.w.s.m.m.a.RequestMappingHandlerMapping - Mapped "{[/api/task/{task}/edit],methods=[POST]}" onto public java.util.concurrent.Callable<org.ng200.openolympus.controller.BindingResponse> org.ng200.openolympus.controller.task.TaskModificationRestController.patchTask(org.ng200.openolympus.jooq.tables.pojos.Task,org.ng200.openolympus.dto.TaskModificationDto,org.springframework.validation.BindingResult)
18:52:41.991 [main] INFO  o.s.w.s.m.m.a.RequestMappingHandlerMapping - Mapped "{[/api/task/{task}/rejudgeTask],methods=[POST]}" onto public void org.ng200.openolympus.controller.task.TaskRejudgementController.rejudgeTask(org.ng200.openolympus.jooq.tables.pojos.Task,org.springframework.ui.Model) throws java.util.concurrent.ExecutionException,java.io.IOException
18:52:41.991 [main] INFO  o.s.w.s.m.m.a.RequestMappingHandlerMapping - Mapped "{[/api/taskCompletion],methods=[GET]}" onto public java.util.List<java.lang.String> org.ng200.openolympus.controller.task.TaskSearchController.searchTasks(java.lang.String)
18:52:41.992 [main] INFO  o.s.w.s.m.m.a.RequestMappingHandlerMapping - Mapped "{[/api/task/{task}/name],methods=[GET]}" onto public java.lang.String org.ng200.openolympus.controller.task.TaskViewController.getTaskName(org.ng200.openolympus.jooq.tables.pojos.Task,java.util.Locale) throws java.io.IOException
18:52:41.992 [main] INFO  o.s.w.s.m.m.a.RequestMappingHandlerMapping - Mapped "{[/api/task/{task}],methods=[GET]}" onto public org.ng200.openolympus.controller.task.TaskViewController$TaskDescriptionView org.ng200.openolympus.controller.task.TaskViewController.showTaskView(org.ng200.openolympus.jooq.tables.pojos.Task,java.util.Locale) throws java.io.IOException
18:52:41.992 [main] INFO  o.s.w.s.m.m.a.RequestMappingHandlerMapping - Mapped "{[/api/task/{task}/submitSolution],methods=[POST]}" onto public org.ng200.openolympus.controller.BindingResponse org.ng200.openolympus.controller.task.TaskViewController.submitSolution(org.ng200.openolympus.jooq.tables.pojos.Task,java.security.Principal,org.ng200.openolympus.dto.SolutionSubmissionDto,org.springframework.validation.BindingResult) throws org.springframework.validation.BindException,java.io.IOException
18:52:41.992 [main] INFO  o.s.w.s.m.m.a.RequestMappingHandlerMapping - Mapped "{[/api/user/changePassword],methods=[PATCH]}" onto public org.ng200.openolympus.controller.BindingResponse org.ng200.openolympus.controller.user.ChangePasswordController.changePassword(org.ng200.openolympus.dto.PasswordChangeDto,org.springframework.validation.BindingResult,java.security.Principal) throws org.springframework.validation.BindException
18:52:41.993 [main] INFO  o.s.w.s.m.m.a.RequestMappingHandlerMapping - Mapped "{[/api/user/register/validate],methods=[POST]}" onto private org.ng200.openolympus.controller.user.RegistrationRestController$RegistrationResponse org.ng200.openolympus.controller.user.RegistrationRestController.validate(org.ng200.openolympus.dto.UserDto,org.springframework.validation.BindingResult) throws org.springframework.validation.BindException
18:52:41.993 [main] INFO  o.s.w.s.m.m.a.RequestMappingHandlerMapping - Mapped "{[/api/user/register],methods=[POST]}" onto public org.ng200.openolympus.controller.user.RegistrationRestController$RegistrationResponse org.ng200.openolympus.controller.user.RegistrationRestController.registerUser(org.ng200.openolympus.dto.UserDto,org.springframework.validation.BindingResult) throws org.springframework.validation.BindException,java.net.URISyntaxException,org.apache.http.client.ClientProtocolException,java.io.IOException
18:52:41.993 [main] INFO  o.s.w.s.m.m.a.RequestMappingHandlerMapping - Mapped "{[/api/user],methods=[GET]}" onto public org.ng200.openolympus.jooq.tables.pojos.User org.ng200.openolympus.controller.user.UserGeneralInformationController.getUser(java.lang.Long,java.lang.String) throws org.springframework.web.bind.MissingServletRequestParameterException
18:52:41.993 [main] INFO  o.s.w.s.m.m.a.RequestMappingHandlerMapping - Mapped "{[/api/userCompletion],methods=[GET]}" onto public java.util.List<org.ng200.openolympus.jooq.tables.pojos.User> org.ng200.openolympus.controller.user.UserGeneralInformationController.searchUsers(java.lang.String)
18:52:41.994 [main] INFO  o.s.w.s.m.m.a.RequestMappingHandlerMapping - Mapped "{[/api/user/personalInfo],methods=[PATCH]}" onto public org.ng200.openolympus.controller.BindingResponse org.ng200.openolympus.controller.user.UserSelfModificationController.changePersonInfo(org.ng200.openolympus.dto.UserInfoDto,org.springframework.validation.BindingResult,java.security.Principal) throws org.springframework.validation.BindException
18:52:41.994 [main] INFO  o.s.w.s.m.m.a.RequestMappingHandlerMapping - Mapped "{[/api/user/personalInfo],methods=[GET]}" onto public org.ng200.openolympus.dto.UserInfoDto org.ng200.openolympus.controller.user.UserSelfModificationController.showUxserDetailsForm(java.security.Principal)
18:52:41.994 [main] INFO  o.s.w.s.m.m.a.RequestMappingHandlerMapping - Mapped "{[/api/time]}" onto public java.util.Date org.ng200.openolympus.controller.CurrentServerTimeController.currentTime()
18:52:41.995 [main] INFO  o.s.w.s.m.m.a.RequestMappingHandlerMapping - Mapped "{[/api/recaptchaPublicKey],methods=[GET]}" onto public java.lang.String org.ng200.openolympus.controller.RecaptchaPublicKeyController.getKey()
18:52:41.995 [main] INFO  o.s.w.s.m.m.a.RequestMappingHandlerMapping - Mapped "{[/**]}" onto public java.lang.String org.ng200.openolympus.controller.SinglepageController.singlepage() throws org.opensaml.util.resource.ResourceException
18:52:41.995 [main] INFO  o.s.w.s.m.m.a.RequestMappingHandlerMapping - Mapped "{[/translation]}" onto public java.util.Map<java.lang.String, java.lang.String> org.ng200.openolympus.controller.TranslationController.strings(org.springframework.web.context.request.WebRequest,java.lang.String)
18:52:41.997 [main] INFO  o.s.w.s.m.m.a.RequestMappingHandlerMapping - Mapped "{[/error],produces=[text/html]}" onto public org.springframework.web.servlet.ModelAndView org.springframework.boot.autoconfigure.web.BasicErrorController.errorHtml(javax.servlet.http.HttpServletRequest)
18:52:41.997 [main] INFO  o.s.w.s.m.m.a.RequestMappingHandlerMapping - Mapped "{[/error]}" onto public org.springframework.http.ResponseEntity<java.util.Map<java.lang.String, java.lang.Object>> org.springframework.boot.autoconfigure.web.BasicErrorController.error(javax.servlet.http.HttpServletRequest)
18:52:42.030 [main] INFO  o.s.w.s.h.SimpleUrlHandlerMapping - Mapped URL path [/singlepage.html] onto handler of type [class org.springframework.web.servlet.resource.ResourceHttpRequestHandler]
18:52:42.030 [main] INFO  o.s.w.s.h.SimpleUrlHandlerMapping - Mapped URL path [/partials/**] onto handler of type [class org.springframework.web.servlet.resource.ResourceHttpRequestHandler]
18:52:42.030 [main] INFO  o.s.w.s.h.SimpleUrlHandlerMapping - Mapped URL path [/resources/**] onto handler of type [class org.springframework.web.servlet.resource.ResourceHttpRequestHandler]
18:52:42.064 [main] INFO  o.s.w.s.m.m.a.RequestMappingHandlerAdapter - Looking for @ControllerAdvice: org.springframework.boot.context.embedded.AnnotationConfigEmbeddedWebApplicationContext@4cc451f2: startup date [Tue Jul 14 18:52:37 MSK 2015]; root of context hierarchy
18:52:42.071 [main] INFO  o.s.w.s.m.m.a.RequestMappingHandlerAdapter - Detected @InitBinder methods in binderAdvice
18:52:42.135 [main] INFO  o.s.s.c.ThreadPoolTaskExecutor - Initializing ExecutorService  'taskExecutor'
18:52:42.534 [main] INFO  o.s.j.e.a.AnnotationMBeanExporter - Registering beans for JMX exposure on startup
18:52:42.557 [main] INFO  o.a.coyote.http11.Http11NioProtocol - Initializing ProtocolHandler ["http-nio-8080"]
18:52:42.563 [main] INFO  o.a.coyote.http11.Http11NioProtocol - Starting ProtocolHandler ["http-nio-8080"]
18:52:42.567 [main] INFO  o.a.tomcat.util.net.NioSelectorPool - Using a shared selector for servlet write/read
18:52:42.586 [main] INFO  o.s.b.c.e.t.TomcatEmbeddedServletContainer - Tomcat started on port(s): 8080 (http)
18:52:42.588 [main] INFO  org.ng200.openolympus.Application - Started Application in 5.596 seconds (JVM running for 6.087)
18:52:42.874 [http-nio-8080-exec-1] INFO  o.a.c.c.C.[Tomcat].[localhost].[/] - Initializing Spring FrameworkServlet 'dispatcherServlet'
18:52:42.875 [http-nio-8080-exec-1] INFO  o.s.web.servlet.DispatcherServlet - FrameworkServlet 'dispatcherServlet': initialization started
18:52:42.890 [http-nio-8080-exec-1] INFO  o.s.web.servlet.DispatcherServlet - FrameworkServlet 'dispatcherServlet': initialization completed in 13 ms
